Connecting to database specified by database.yml
Connecting to database specified by database.yml
Connecting to database specified by database.yml
  [1m[36m (0.1ms)[0m  [1mselect sqlite_version(*)[0m
  [1m[35m (9.3ms)[0m  CREATE TABLE "schema_migrations" ("version" varchar(255) NOT NULL) 
  [1m[36m (5.0ms)[0m  [1mCREATE UNIQUE INDEX "unique_schema_migrations" ON "schema_migrations" ("version")[0m
  [1m[35m (1.4ms)[0m  SELECT "schema_migrations"."version" FROM "schema_migrations" 
Migrating to CreatePosts (20140819034825)
  [1m[36m (1.1ms)[0m  [1mbegin transaction[0m
  [1m[35m (0.7ms)[0m  CREATE TABLE "posts" ("id" INTEGER PRIMARY KEY AUTOINCREMENT NOT NULL, "title" varchar(255), "body" text, "created_at" datetime NOT NULL, "updated_at" datetime NOT NULL) 
  [1m[36m (0.2ms)[0m  [1mINSERT INTO "schema_migrations" ("version") VALUES ('20140819034825')[0m
  [1m[35m (6.0ms)[0m  commit transaction
Migrating to CreateComments (20140819034915)
  [1m[36m (3.4ms)[0m  [1mbegin transaction[0m
  [1m[35m (0.4ms)[0m  CREATE TABLE "comments" ("id" INTEGER PRIMARY KEY AUTOINCREMENT NOT NULL, "post_id" integer, "body" text, "created_at" datetime NOT NULL, "updated_at" datetime NOT NULL) 
  [1m[36m (0.2ms)[0m  [1mINSERT INTO "schema_migrations" ("version") VALUES ('20140819034915')[0m
  [1m[35m (4.7ms)[0m  commit transaction
  [1m[36m (0.2ms)[0m  [1mSELECT "schema_migrations"."version" FROM "schema_migrations" [0m
Connecting to database specified by database.yml


Started GET "/assets/rails.png" for 127.0.0.1 at 2014-08-18 20:52:00 -0700
Connecting to database specified by database.yml
Served asset /rails.png - 200 OK (23ms)


Started GET "/rails/info/properties" for 127.0.0.1 at 2014-08-18 20:52:58 -0700
  [1m[36m (19.4ms)[0m  [1mSELECT "schema_migrations"."version" FROM "schema_migrations" [0m
Processing by Rails::InfoController#properties as HTML
  Rendered inline template (4.7ms)
Completed 200 OK in 50.6ms (Views: 49.9ms | ActiveRecord: 0.0ms)


Started GET "/posts/index" for 127.0.0.1 at 2014-08-18 20:57:19 -0700
Connecting to database specified by database.yml
Processing by PostsController#show as HTML
  Parameters: {"id"=>"index"}
  [1m[36mPost Load (0.3ms)[0m  [1mSELECT "posts".* FROM "posts" WHERE "posts"."id" = ? LIMIT 1[0m  [["id", "index"]]
Completed 404 Not Found in 147.9ms

ActiveRecord::RecordNotFound (Couldn't find Post with id=index):
  app/controllers/posts_controller.rb:16:in `show'


  Rendered /usr/lib/ruby/vendor_ruby/action_dispatch/middleware/templates/rescues/_trace.erb (2.5ms)
  Rendered /usr/lib/ruby/vendor_ruby/action_dispatch/middleware/templates/rescues/_request_and_response.erb (1.3ms)
  Rendered /usr/lib/ruby/vendor_ruby/action_dispatch/middleware/templates/rescues/diagnostics.erb within rescues/layout (28.8ms)


Started GET "/posts/index.html" for 127.0.0.1 at 2014-08-18 20:57:31 -0700
Processing by PostsController#show as HTML
  Parameters: {"id"=>"index"}
  [1m[35mPost Load (0.1ms)[0m  SELECT "posts".* FROM "posts" WHERE "posts"."id" = ? LIMIT 1  [["id", "index"]]
Completed 404 Not Found in 1.5ms

ActiveRecord::RecordNotFound (Couldn't find Post with id=index):
  app/controllers/posts_controller.rb:16:in `show'


  Rendered /usr/lib/ruby/vendor_ruby/action_dispatch/middleware/templates/rescues/_trace.erb (14.1ms)
  Rendered /usr/lib/ruby/vendor_ruby/action_dispatch/middleware/templates/rescues/_request_and_response.erb (1.4ms)
  Rendered /usr/lib/ruby/vendor_ruby/action_dispatch/middleware/templates/rescues/diagnostics.erb within rescues/layout (27.8ms)


Started GET "/post/index.html" for 127.0.0.1 at 2014-08-18 20:57:46 -0700

ActionController::RoutingError (No route matches [GET] "/post/index.html"):
  /usr/lib/ruby/vendor_ruby/action_dispatch/middleware/debug_exceptions.rb:21:in `call'
  /usr/lib/ruby/vendor_ruby/action_dispatch/middleware/show_exceptions.rb:56:in `call'
  /usr/lib/ruby/vendor_ruby/rails/rack/logger.rb:32:in `call_app'
  /usr/lib/ruby/vendor_ruby/rails/rack/logger.rb:16:in `block in call'
  /usr/lib/ruby/vendor_ruby/active_support/tagged_logging.rb:22:in `tagged'
  /usr/lib/ruby/vendor_ruby/rails/rack/logger.rb:16:in `call'
  /usr/lib/ruby/vendor_ruby/action_dispatch/middleware/request_id.rb:22:in `call'
  rack (1.5.2) lib/rack/methodoverride.rb:21:in `call'
  rack (1.5.2) lib/rack/runtime.rb:17:in `call'
  /usr/lib/ruby/vendor_ruby/active_support/cache/strategy/local_cache.rb:72:in `call'
  rack (1.5.2) lib/rack/lock.rb:17:in `call'
  /usr/lib/ruby/vendor_ruby/action_dispatch/middleware/static.rb:63:in `call'
  /usr/lib/ruby/vendor_ruby/rails/engine.rb:484:in `call'
  /usr/lib/ruby/vendor_ruby/rails/application.rb:231:in `call'
  rack (1.5.2) lib/rack/content_length.rb:14:in `call'
  /usr/lib/ruby/vendor_ruby/rails/rack/log_tailer.rb:17:in `call'
  rack (1.5.2) lib/rack/handler/webrick.rb:60:in `service'
  /usr/lib/ruby/1.9.1/webrick/httpserver.rb:138:in `service'
  /usr/lib/ruby/1.9.1/webrick/httpserver.rb:94:in `run'
  /usr/lib/ruby/1.9.1/webrick/server.rb:191:in `block in start_thread'


  Rendered /usr/lib/ruby/vendor_ruby/action_dispatch/middleware/templates/rescues/routing_error.erb within rescues/layout (0.7ms)


Started GET "/posts/index.html" for 127.0.0.1 at 2014-08-18 20:57:52 -0700
Processing by PostsController#show as HTML
  Parameters: {"id"=>"index"}
  [1m[36mPost Load (4.3ms)[0m  [1mSELECT "posts".* FROM "posts" WHERE "posts"."id" = ? LIMIT 1[0m  [["id", "index"]]
Completed 404 Not Found in 5.9ms

ActiveRecord::RecordNotFound (Couldn't find Post with id=index):
  app/controllers/posts_controller.rb:16:in `show'


  Rendered /usr/lib/ruby/vendor_ruby/action_dispatch/middleware/templates/rescues/_trace.erb (9.4ms)
  Rendered /usr/lib/ruby/vendor_ruby/action_dispatch/middleware/templates/rescues/_request_and_response.erb (1.4ms)
  Rendered /usr/lib/ruby/vendor_ruby/action_dispatch/middleware/templates/rescues/diagnostics.erb within rescues/layout (23.4ms)


Started GET "/posts" for 127.0.0.1 at 2014-08-18 21:01:43 -0700
Processing by PostsController#index as HTML
  [1m[35mPost Load (13.4ms)[0m  SELECT "posts".* FROM "posts" 
  Rendered posts/index.html.erb within layouts/application (4.6ms)
Warning. Error encountered while saving cache /home/rr/projects/blog/tmp/cache/sass/274541112dc115be52947a8819c88569919be080/comments.css.scssc: can't dump anonymous class #<Class:0x996c1d0>
Compiled comments.css  (280ms)  (pid 5795)
Warning. Error encountered while saving cache /home/rr/projects/blog/tmp/cache/sass/274541112dc115be52947a8819c88569919be080/posts.css.scssc: can't dump anonymous class #<Class:0x996c1d0>
Compiled posts.css  (36ms)  (pid 5795)
Warning. Error encountered while saving cache /home/rr/projects/blog/tmp/cache/sass/274541112dc115be52947a8819c88569919be080/scaffolds.css.scssc: can't dump anonymous class #<Class:0x996c1d0>
Compiled scaffolds.css  (27ms)  (pid 5795)
Compiled application.css  (594ms)  (pid 5795)
Compiled jquery.js  (17ms)  (pid 5795)
Compiled jquery_ujs.js  (0ms)  (pid 5795)
Compiled comments.js  (2042ms)  (pid 5795)
Compiled posts.js  (718ms)  (pid 5795)
Compiled application.js  (3204ms)  (pid 5795)
Completed 200 OK in 4207.7ms (Views: 4192.6ms | ActiveRecord: 13.4ms)


Started GET "/assets/application.css?body=1" for 127.0.0.1 at 2014-08-18 21:01:48 -0700
Served asset /application.css - 200 OK (64ms)


Started GET "/assets/jquery_ujs.js?body=1" for 127.0.0.1 at 2014-08-18 21:01:48 -0700
Served asset /jquery_ujs.js - 200 OK (18ms)


Started GET "/assets/jquery.js?body=1" for 127.0.0.1 at 2014-08-18 21:01:48 -0700
Served asset /jquery.js - 200 OK (22ms)


Started GET "/assets/scaffolds.css?body=1" for 127.0.0.1 at 2014-08-18 21:01:48 -0700
Served asset /scaffolds.css - 200 OK (39ms)


Started GET "/assets/posts.css?body=1" for 127.0.0.1 at 2014-08-18 21:01:48 -0700
Served asset /posts.css - 200 OK (21ms)


Started GET "/assets/comments.css?body=1" for 127.0.0.1 at 2014-08-18 21:01:48 -0700
Served asset /comments.css - 200 OK (21ms)


Started GET "/assets/comments.js?body=1" for 127.0.0.1 at 2014-08-18 21:01:48 -0700
Served asset /comments.js - 200 OK (2ms)


Started GET "/assets/posts.js?body=1" for 127.0.0.1 at 2014-08-18 21:01:48 -0700
Served asset /posts.js - 200 OK (4ms)


Started GET "/assets/application.js?body=1" for 127.0.0.1 at 2014-08-18 21:01:48 -0700
Served asset /application.js - 200 OK (107ms)


Started GET "/posts/new" for 127.0.0.1 at 2014-08-18 21:01:53 -0700
Processing by PostsController#new as HTML
  Rendered posts/_form.html.erb (225.6ms)
  Rendered posts/new.html.erb within layouts/application (339.6ms)
Completed 200 OK in 456.9ms (Views: 441.4ms | ActiveRecord: 0.0ms)


Started GET "/assets/application.css?body=1" for 127.0.0.1 at 2014-08-18 21:01:54 -0700
Served asset /application.css - 304 Not Modified (2ms)


Started GET "/assets/posts.css?body=1" for 127.0.0.1 at 2014-08-18 21:01:54 -0700
Served asset /posts.css - 304 Not Modified (0ms)


Started GET "/assets/scaffolds.css?body=1" for 127.0.0.1 at 2014-08-18 21:01:54 -0700
Served asset /scaffolds.css - 304 Not Modified (0ms)


Started GET "/assets/comments.css?body=1" for 127.0.0.1 at 2014-08-18 21:01:54 -0700
Served asset /comments.css - 304 Not Modified (0ms)


Started GET "/assets/jquery.js?body=1" for 127.0.0.1 at 2014-08-18 21:01:54 -0700
Served asset /jquery.js - 304 Not Modified (7ms)


Started GET "/assets/jquery_ujs.js?body=1" for 127.0.0.1 at 2014-08-18 21:01:54 -0700
Served asset /jquery_ujs.js - 304 Not Modified (0ms)


Started GET "/assets/comments.js?body=1" for 127.0.0.1 at 2014-08-18 21:01:54 -0700
Served asset /comments.js - 304 Not Modified (0ms)


Started GET "/assets/application.js?body=1" for 127.0.0.1 at 2014-08-18 21:01:54 -0700
Served asset /application.js - 304 Not Modified (0ms)


Started GET "/assets/posts.js?body=1" for 127.0.0.1 at 2014-08-18 21:01:54 -0700
Served asset /posts.js - 304 Not Modified (0ms)


Started POST "/posts" for 127.0.0.1 at 2014-08-18 21:02:09 -0700
Processing by PostsController#create as HTML
  Parameters: {"utf8"=>"✓", "authenticity_token"=>"uGn6cswr/6WpZiYukyyJoDXmOcJ3fMx1TXl45dG+sA8=", "post"=>{"title"=>"My day", "body"=>"My day is great"}, "commit"=>"Create Post"}
  [1m[36m (1.0ms)[0m  [1mbegin transaction[0m
  [1m[35mSQL (266.7ms)[0m  INSERT INTO "posts" ("body", "created_at", "title", "updated_at") VALUES (?, ?, ?, ?)  [["body", "My day is great"], ["created_at", Tue, 19 Aug 2014 04:02:09 UTC +00:00], ["title", "My day"], ["updated_at", Tue, 19 Aug 2014 04:02:09 UTC +00:00]]
  [1m[36m (38.6ms)[0m  [1mcommit transaction[0m
Redirected to http://localhost:3000/posts/1
Completed 302 Found in 315.0ms (ActiveRecord: 306.2ms)


Started GET "/posts/1" for 127.0.0.1 at 2014-08-18 21:02:10 -0700
Processing by PostsController#show as HTML
  Parameters: {"id"=>"1"}
  [1m[35mPost Load (0.2ms)[0m  SELECT "posts".* FROM "posts" WHERE "posts"."id" = ? LIMIT 1  [["id", "1"]]
  Rendered posts/show.html.erb within layouts/application (2.2ms)
Completed 200 OK in 78.4ms (Views: 75.8ms | ActiveRecord: 0.2ms)


Started GET "/assets/application.css?body=1" for 127.0.0.1 at 2014-08-18 21:02:10 -0700
Served asset /application.css - 304 Not Modified (0ms)


Started GET "/assets/posts.css?body=1" for 127.0.0.1 at 2014-08-18 21:02:10 -0700
Served asset /posts.css - 304 Not Modified (0ms)


Started GET "/assets/comments.css?body=1" for 127.0.0.1 at 2014-08-18 21:02:10 -0700
Served asset /comments.css - 304 Not Modified (8ms)


Started GET "/assets/comments.js?body=1" for 127.0.0.1 at 2014-08-18 21:02:10 -0700
Served asset /comments.js - 304 Not Modified (0ms)


Started GET "/assets/jquery_ujs.js?body=1" for 127.0.0.1 at 2014-08-18 21:02:10 -0700
Served asset /jquery_ujs.js - 304 Not Modified (0ms)


Started GET "/assets/scaffolds.css?body=1" for 127.0.0.1 at 2014-08-18 21:02:10 -0700
Served asset /scaffolds.css - 304 Not Modified (0ms)


Started GET "/assets/jquery.js?body=1" for 127.0.0.1 at 2014-08-18 21:02:11 -0700
Served asset /jquery.js - 304 Not Modified (0ms)


Started GET "/assets/posts.js?body=1" for 127.0.0.1 at 2014-08-18 21:02:11 -0700
Served asset /posts.js - 304 Not Modified (0ms)


Started GET "/assets/application.js?body=1" for 127.0.0.1 at 2014-08-18 21:02:11 -0700
Served asset /application.js - 304 Not Modified (2ms)


Started GET "/posts/1/edit" for 127.0.0.1 at 2014-08-18 21:02:16 -0700
Processing by PostsController#edit as HTML
  Parameters: {"id"=>"1"}
  [1m[36mPost Load (0.1ms)[0m  [1mSELECT "posts".* FROM "posts" WHERE "posts"."id" = ? LIMIT 1[0m  [["id", "1"]]
  Rendered posts/_form.html.erb (4.5ms)
  Rendered posts/edit.html.erb within layouts/application (116.1ms)
Completed 200 OK in 242.8ms (Views: 235.5ms | ActiveRecord: 0.1ms)


Started GET "/assets/application.css?body=1" for 127.0.0.1 at 2014-08-18 21:02:16 -0700
Served asset /application.css - 304 Not Modified (0ms)


Started GET "/assets/jquery.js?body=1" for 127.0.0.1 at 2014-08-18 21:02:16 -0700
Served asset /jquery.js - 304 Not Modified (0ms)


Started GET "/assets/scaffolds.css?body=1" for 127.0.0.1 at 2014-08-18 21:02:17 -0700
Served asset /scaffolds.css - 304 Not Modified (0ms)


Started GET "/assets/posts.css?body=1" for 127.0.0.1 at 2014-08-18 21:02:17 -0700
Served asset /posts.css - 304 Not Modified (0ms)


Started GET "/assets/jquery_ujs.js?body=1" for 127.0.0.1 at 2014-08-18 21:02:17 -0700
Served asset /jquery_ujs.js - 304 Not Modified (0ms)


Started GET "/assets/comments.css?body=1" for 127.0.0.1 at 2014-08-18 21:02:17 -0700
Served asset /comments.css - 304 Not Modified (0ms)


Started GET "/assets/comments.js?body=1" for 127.0.0.1 at 2014-08-18 21:02:17 -0700
Served asset /comments.js - 304 Not Modified (0ms)


Started GET "/assets/application.js?body=1" for 127.0.0.1 at 2014-08-18 21:02:17 -0700
Served asset /application.js - 304 Not Modified (0ms)


Started GET "/assets/posts.js?body=1" for 127.0.0.1 at 2014-08-18 21:02:17 -0700
Served asset /posts.js - 304 Not Modified (0ms)


Started GET "/assets/rails.png" for 127.0.0.1 at 2014-08-18 21:02:29 -0700
Served asset /rails.png - 200 OK (91ms)


Started GET "/posts/index" for 127.0.0.1 at 2014-08-18 21:02:38 -0700
Processing by PostsController#show as HTML
  Parameters: {"id"=>"index"}
  [1m[35mPost Load (0.2ms)[0m  SELECT "posts".* FROM "posts" WHERE "posts"."id" = ? LIMIT 1  [["id", "index"]]
Completed 404 Not Found in 9.5ms

ActiveRecord::RecordNotFound (Couldn't find Post with id=index):
  app/controllers/posts_controller.rb:16:in `show'


  Rendered /usr/lib/ruby/vendor_ruby/action_dispatch/middleware/templates/rescues/_trace.erb (4.5ms)
  Rendered /usr/lib/ruby/vendor_ruby/action_dispatch/middleware/templates/rescues/_request_and_response.erb (10.9ms)
  Rendered /usr/lib/ruby/vendor_ruby/action_dispatch/middleware/templates/rescues/diagnostics.erb within rescues/layout (45.0ms)


Started GET "/posts" for 127.0.0.1 at 2014-08-18 21:02:44 -0700
Processing by PostsController#index as HTML
  [1m[36mPost Load (0.4ms)[0m  [1mSELECT "posts".* FROM "posts" [0m
  Rendered posts/index.html.erb within layouts/application (2.7ms)
Completed 200 OK in 104.6ms (Views: 102.9ms | ActiveRecord: 0.4ms)


Started GET "/assets/application.css?body=1" for 127.0.0.1 at 2014-08-18 21:02:44 -0700
Served asset /application.css - 304 Not Modified (0ms)


Started GET "/assets/comments.css?body=1" for 127.0.0.1 at 2014-08-18 21:02:45 -0700
Served asset /comments.css - 304 Not Modified (0ms)


Started GET "/assets/jquery.js?body=1" for 127.0.0.1 at 2014-08-18 21:02:45 -0700
Served asset /jquery.js - 304 Not Modified (0ms)


Started GET "/assets/scaffolds.css?body=1" for 127.0.0.1 at 2014-08-18 21:02:45 -0700
Served asset /scaffolds.css - 304 Not Modified (0ms)


Started GET "/assets/posts.css?body=1" for 127.0.0.1 at 2014-08-18 21:02:45 -0700
Served asset /posts.css - 304 Not Modified (0ms)


Started GET "/assets/posts.js?body=1" for 127.0.0.1 at 2014-08-18 21:02:45 -0700
Served asset /posts.js - 304 Not Modified (0ms)


Started GET "/assets/comments.js?body=1" for 127.0.0.1 at 2014-08-18 21:02:45 -0700
Served asset /comments.js - 304 Not Modified (0ms)


Started GET "/assets/jquery_ujs.js?body=1" for 127.0.0.1 at 2014-08-18 21:02:45 -0700
Served asset /jquery_ujs.js - 304 Not Modified (0ms)


Started GET "/assets/application.js?body=1" for 127.0.0.1 at 2014-08-18 21:02:45 -0700
Served asset /application.js - 304 Not Modified (0ms)


Started GET "/posts/1" for 127.0.0.1 at 2014-08-18 21:02:48 -0700
Processing by PostsController#show as HTML
  Parameters: {"id"=>"1"}
  [1m[35mPost Load (0.2ms)[0m  SELECT "posts".* FROM "posts" WHERE "posts"."id" = ? LIMIT 1  [["id", "1"]]
  Rendered posts/show.html.erb within layouts/application (9.3ms)
Completed 200 OK in 20.8ms (Views: 19.5ms | ActiveRecord: 0.2ms)


Started GET "/assets/application.css?body=1" for 127.0.0.1 at 2014-08-18 21:02:48 -0700
Served asset /application.css - 304 Not Modified (0ms)


Started GET "/assets/comments.css?body=1" for 127.0.0.1 at 2014-08-18 21:02:48 -0700
Served asset /comments.css - 304 Not Modified (0ms)


Started GET "/assets/scaffolds.css?body=1" for 127.0.0.1 at 2014-08-18 21:02:48 -0700
Served asset /scaffolds.css - 304 Not Modified (0ms)


Started GET "/assets/posts.css?body=1" for 127.0.0.1 at 2014-08-18 21:02:48 -0700
Served asset /posts.css - 304 Not Modified (0ms)


Started GET "/assets/jquery_ujs.js?body=1" for 127.0.0.1 at 2014-08-18 21:02:48 -0700
Served asset /jquery_ujs.js - 304 Not Modified (0ms)


Started GET "/assets/jquery.js?body=1" for 127.0.0.1 at 2014-08-18 21:02:48 -0700
Served asset /jquery.js - 304 Not Modified (0ms)


Started GET "/assets/posts.js?body=1" for 127.0.0.1 at 2014-08-18 21:02:48 -0700
Served asset /posts.js - 304 Not Modified (0ms)


Started GET "/assets/comments.js?body=1" for 127.0.0.1 at 2014-08-18 21:02:48 -0700
Served asset /comments.js - 304 Not Modified (0ms)


Started GET "/assets/application.js?body=1" for 127.0.0.1 at 2014-08-18 21:02:48 -0700
Served asset /application.js - 304 Not Modified (0ms)


Started GET "/posts/1/edit" for 127.0.0.1 at 2014-08-18 21:02:51 -0700
Processing by PostsController#edit as HTML
  Parameters: {"id"=>"1"}
  [1m[36mPost Load (0.2ms)[0m  [1mSELECT "posts".* FROM "posts" WHERE "posts"."id" = ? LIMIT 1[0m  [["id", "1"]]
  Rendered posts/_form.html.erb (6.2ms)
  Rendered posts/edit.html.erb within layouts/application (7.7ms)
Completed 200 OK in 27.8ms (Views: 26.8ms | ActiveRecord: 0.2ms)


Started GET "/assets/application.css?body=1" for 127.0.0.1 at 2014-08-18 21:02:51 -0700
Served asset /application.css - 304 Not Modified (0ms)


Started GET "/assets/jquery.js?body=1" for 127.0.0.1 at 2014-08-18 21:02:51 -0700
Served asset /jquery.js - 304 Not Modified (0ms)


Started GET "/assets/scaffolds.css?body=1" for 127.0.0.1 at 2014-08-18 21:02:51 -0700
Served asset /scaffolds.css - 304 Not Modified (0ms)


Started GET "/assets/posts.css?body=1" for 127.0.0.1 at 2014-08-18 21:02:51 -0700
Served asset /posts.css - 304 Not Modified (0ms)


Started GET "/assets/jquery_ujs.js?body=1" for 127.0.0.1 at 2014-08-18 21:02:51 -0700
Served asset /jquery_ujs.js - 304 Not Modified (0ms)


Started GET "/assets/comments.css?body=1" for 127.0.0.1 at 2014-08-18 21:02:51 -0700
Served asset /comments.css - 304 Not Modified (0ms)


Started GET "/assets/comments.js?body=1" for 127.0.0.1 at 2014-08-18 21:02:51 -0700
Served asset /comments.js - 304 Not Modified (0ms)


Started GET "/assets/posts.js?body=1" for 127.0.0.1 at 2014-08-18 21:02:51 -0700
Served asset /posts.js - 304 Not Modified (0ms)


Started GET "/assets/application.js?body=1" for 127.0.0.1 at 2014-08-18 21:02:51 -0700
Served asset /application.js - 304 Not Modified (0ms)


Started PUT "/posts/1" for 127.0.0.1 at 2014-08-18 21:02:58 -0700
Processing by PostsController#update as HTML
  Parameters: {"utf8"=>"✓", "authenticity_token"=>"uGn6cswr/6WpZiYukyyJoDXmOcJ3fMx1TXl45dG+sA8=", "post"=>{"title"=>"My day", "body"=>"My day is great, sure it was"}, "commit"=>"Update Post", "id"=>"1"}
  [1m[35mPost Load (0.2ms)[0m  SELECT "posts".* FROM "posts" WHERE "posts"."id" = ? LIMIT 1  [["id", "1"]]
  [1m[36m (0.3ms)[0m  [1mbegin transaction[0m
  [1m[35m (47.2ms)[0m  UPDATE "posts" SET "body" = 'My day is great, sure it was', "updated_at" = '2014-08-19 04:02:58.098212' WHERE "posts"."id" = 1
  [1m[36m (173.4ms)[0m  [1mcommit transaction[0m
Redirected to http://localhost:3000/posts/1
Completed 302 Found in 267.2ms (ActiveRecord: 221.2ms)


Started GET "/posts/1" for 127.0.0.1 at 2014-08-18 21:02:58 -0700
Processing by PostsController#show as HTML
  Parameters: {"id"=>"1"}
  [1m[35mPost Load (7.1ms)[0m  SELECT "posts".* FROM "posts" WHERE "posts"."id" = ? LIMIT 1  [["id", "1"]]
  Rendered posts/show.html.erb within layouts/application (18.8ms)
Completed 200 OK in 33.9ms (Views: 24.9ms | ActiveRecord: 7.1ms)


Started GET "/assets/application.css?body=1" for 127.0.0.1 at 2014-08-18 21:02:58 -0700
Served asset /application.css - 304 Not Modified (0ms)


Started GET "/assets/comments.css?body=1" for 127.0.0.1 at 2014-08-18 21:02:58 -0700
Served asset /comments.css - 304 Not Modified (0ms)


Started GET "/assets/scaffolds.css?body=1" for 127.0.0.1 at 2014-08-18 21:02:58 -0700
Served asset /scaffolds.css - 304 Not Modified (0ms)


Started GET "/assets/posts.css?body=1" for 127.0.0.1 at 2014-08-18 21:02:59 -0700
Served asset /posts.css - 304 Not Modified (0ms)


Started GET "/assets/comments.js?body=1" for 127.0.0.1 at 2014-08-18 21:02:59 -0700
Served asset /comments.js - 304 Not Modified (0ms)


Started GET "/assets/jquery_ujs.js?body=1" for 127.0.0.1 at 2014-08-18 21:02:59 -0700
Served asset /jquery_ujs.js - 304 Not Modified (0ms)


Started GET "/assets/jquery.js?body=1" for 127.0.0.1 at 2014-08-18 21:02:59 -0700
Served asset /jquery.js - 304 Not Modified (0ms)


Started GET "/assets/posts.js?body=1" for 127.0.0.1 at 2014-08-18 21:02:59 -0700
Served asset /posts.js - 304 Not Modified (0ms)


Started GET "/assets/application.js?body=1" for 127.0.0.1 at 2014-08-18 21:02:59 -0700
Served asset /application.js - 304 Not Modified (0ms)


Started GET "/comments" for 127.0.0.1 at 2014-08-18 21:03:12 -0700
Processing by CommentsController#index as HTML
  [1m[36mComment Load (0.1ms)[0m  [1mSELECT "comments".* FROM "comments" [0m
  Rendered comments/index.html.erb within layouts/application (1.3ms)
Completed 200 OK in 41.1ms (Views: 36.6ms | ActiveRecord: 0.8ms)


Started GET "/assets/application.css?body=1" for 127.0.0.1 at 2014-08-18 21:03:12 -0700
Served asset /application.css - 304 Not Modified (0ms)


Started GET "/assets/posts.css?body=1" for 127.0.0.1 at 2014-08-18 21:03:12 -0700
Served asset /posts.css - 304 Not Modified (0ms)


Started GET "/assets/comments.css?body=1" for 127.0.0.1 at 2014-08-18 21:03:12 -0700
Served asset /comments.css - 304 Not Modified (3ms)


Started GET "/assets/scaffolds.css?body=1" for 127.0.0.1 at 2014-08-18 21:03:12 -0700
Served asset /scaffolds.css - 304 Not Modified (0ms)


Started GET "/assets/comments.js?body=1" for 127.0.0.1 at 2014-08-18 21:03:12 -0700
Served asset /comments.js - 304 Not Modified (0ms)


Started GET "/assets/jquery_ujs.js?body=1" for 127.0.0.1 at 2014-08-18 21:03:12 -0700
Served asset /jquery_ujs.js - 304 Not Modified (0ms)


Started GET "/assets/jquery.js?body=1" for 127.0.0.1 at 2014-08-18 21:03:12 -0700
Served asset /jquery.js - 304 Not Modified (0ms)


Started GET "/assets/application.js?body=1" for 127.0.0.1 at 2014-08-18 21:03:12 -0700
Served asset /application.js - 304 Not Modified (0ms)


Started GET "/assets/posts.js?body=1" for 127.0.0.1 at 2014-08-18 21:03:12 -0700
Served asset /posts.js - 304 Not Modified (0ms)


Started GET "/comments/new" for 127.0.0.1 at 2014-08-18 21:03:14 -0700
Processing by CommentsController#new as HTML
  Rendered comments/_form.html.erb (9.7ms)
  Rendered comments/new.html.erb within layouts/application (22.9ms)
Completed 200 OK in 106.9ms (Views: 40.9ms | ActiveRecord: 0.0ms)


Started GET "/assets/application.css?body=1" for 127.0.0.1 at 2014-08-18 21:03:14 -0700
Served asset /application.css - 304 Not Modified (0ms)


Started GET "/assets/jquery_ujs.js?body=1" for 127.0.0.1 at 2014-08-18 21:03:14 -0700
Served asset /jquery_ujs.js - 304 Not Modified (0ms)


Started GET "/assets/jquery.js?body=1" for 127.0.0.1 at 2014-08-18 21:03:14 -0700
Served asset /jquery.js - 304 Not Modified (0ms)


Started GET "/assets/comments.css?body=1" for 127.0.0.1 at 2014-08-18 21:03:14 -0700
Served asset /comments.css - 304 Not Modified (0ms)


Started GET "/assets/scaffolds.css?body=1" for 127.0.0.1 at 2014-08-18 21:03:14 -0700
Served asset /scaffolds.css - 304 Not Modified (0ms)


Started GET "/assets/posts.css?body=1" for 127.0.0.1 at 2014-08-18 21:03:14 -0700
Served asset /posts.css - 304 Not Modified (0ms)


Started GET "/assets/comments.js?body=1" for 127.0.0.1 at 2014-08-18 21:03:14 -0700
Served asset /comments.js - 304 Not Modified (0ms)


Started GET "/assets/posts.js?body=1" for 127.0.0.1 at 2014-08-18 21:03:14 -0700
Served asset /posts.js - 304 Not Modified (0ms)


Started GET "/assets/application.js?body=1" for 127.0.0.1 at 2014-08-18 21:03:14 -0700
Served asset /application.js - 304 Not Modified (0ms)


Started POST "/comments" for 127.0.0.1 at 2014-08-18 21:03:23 -0700
Processing by CommentsController#create as HTML
  Parameters: {"utf8"=>"✓", "authenticity_token"=>"uGn6cswr/6WpZiYukyyJoDXmOcJ3fMx1TXl45dG+sA8=", "comment"=>{"post_id"=>"1", "body"=>"Way cool!"}, "commit"=>"Create Comment"}
  [1m[35m (0.3ms)[0m  begin transaction
  [1m[36mSQL (10.3ms)[0m  [1mINSERT INTO "comments" ("body", "created_at", "post_id", "updated_at") VALUES (?, ?, ?, ?)[0m  [["body", "Way cool!"], ["created_at", Tue, 19 Aug 2014 04:03:23 UTC +00:00], ["post_id", 1], ["updated_at", Tue, 19 Aug 2014 04:03:23 UTC +00:00]]
  [1m[35m (47.8ms)[0m  commit transaction
Redirected to http://localhost:3000/comments/1
Completed 302 Found in 64.3ms (ActiveRecord: 58.5ms)


Started GET "/comments/1" for 127.0.0.1 at 2014-08-18 21:03:23 -0700
Processing by CommentsController#show as HTML
  Parameters: {"id"=>"1"}
  [1m[36mComment Load (0.3ms)[0m  [1mSELECT "comments".* FROM "comments" WHERE "comments"."id" = ? LIMIT 1[0m  [["id", "1"]]
  Rendered comments/show.html.erb within layouts/application (1.7ms)
Completed 200 OK in 30.3ms (Views: 23.9ms | ActiveRecord: 0.3ms)


Started GET "/assets/application.css?body=1" for 127.0.0.1 at 2014-08-18 21:03:23 -0700
Served asset /application.css - 304 Not Modified (0ms)


Started GET "/assets/jquery.js?body=1" for 127.0.0.1 at 2014-08-18 21:03:23 -0700
Served asset /jquery.js - 304 Not Modified (0ms)


Started GET "/assets/scaffolds.css?body=1" for 127.0.0.1 at 2014-08-18 21:03:23 -0700
Served asset /scaffolds.css - 304 Not Modified (0ms)


Started GET "/assets/posts.css?body=1" for 127.0.0.1 at 2014-08-18 21:03:23 -0700
Served asset /posts.css - 304 Not Modified (0ms)


Started GET "/assets/comments.css?body=1" for 127.0.0.1 at 2014-08-18 21:03:23 -0700
Served asset /comments.css - 304 Not Modified (0ms)


Started GET "/assets/jquery_ujs.js?body=1" for 127.0.0.1 at 2014-08-18 21:03:23 -0700
Served asset /jquery_ujs.js - 304 Not Modified (0ms)


Started GET "/assets/posts.js?body=1" for 127.0.0.1 at 2014-08-18 21:03:23 -0700
Served asset /posts.js - 304 Not Modified (0ms)


Started GET "/assets/application.js?body=1" for 127.0.0.1 at 2014-08-18 21:03:23 -0700
Served asset /application.js - 304 Not Modified (0ms)


Started GET "/assets/comments.js?body=1" for 127.0.0.1 at 2014-08-18 21:03:23 -0700
Served asset /comments.js - 304 Not Modified (0ms)


Started GET "/comments/1" for 127.0.0.1 at 2014-08-18 21:03:40 -0700
Processing by CommentsController#show as HTML
  Parameters: {"id"=>"1"}
  [1m[35mComment Load (0.2ms)[0m  SELECT "comments".* FROM "comments" WHERE "comments"."id" = ? LIMIT 1  [["id", "1"]]
  Rendered comments/show.html.erb within layouts/application (0.8ms)
Completed 200 OK in 47.4ms (Views: 31.5ms | ActiveRecord: 0.2ms)


Started GET "/assets/application.css?body=1" for 127.0.0.1 at 2014-08-18 21:03:40 -0700
Served asset /application.css - 304 Not Modified (0ms)


Started GET "/assets/posts.css?body=1" for 127.0.0.1 at 2014-08-18 21:03:40 -0700
Served asset /posts.css - 304 Not Modified (0ms)


Started GET "/assets/jquery.js?body=1" for 127.0.0.1 at 2014-08-18 21:03:40 -0700
Served asset /jquery.js - 304 Not Modified (0ms)


Started GET "/assets/scaffolds.css?body=1" for 127.0.0.1 at 2014-08-18 21:03:40 -0700
Served asset /scaffolds.css - 304 Not Modified (0ms)


Started GET "/assets/comments.css?body=1" for 127.0.0.1 at 2014-08-18 21:03:40 -0700
Served asset /comments.css - 304 Not Modified (0ms)


Started GET "/assets/jquery_ujs.js?body=1" for 127.0.0.1 at 2014-08-18 21:03:40 -0700
Served asset /jquery_ujs.js - 304 Not Modified (0ms)


Started GET "/assets/comments.js?body=1" for 127.0.0.1 at 2014-08-18 21:03:40 -0700
Served asset /comments.js - 304 Not Modified (0ms)


Started GET "/assets/posts.js?body=1" for 127.0.0.1 at 2014-08-18 21:03:40 -0700
Served asset /posts.js - 304 Not Modified (0ms)


Started GET "/assets/application.js?body=1" for 127.0.0.1 at 2014-08-18 21:03:40 -0700
Served asset /application.js - 304 Not Modified (0ms)


Started GET "/posts" for 127.0.0.1 at 2014-08-18 21:03:48 -0700
Processing by PostsController#index as HTML
  [1m[36mPost Load (0.2ms)[0m  [1mSELECT "posts".* FROM "posts" [0m
  Rendered posts/index.html.erb within layouts/application (1.7ms)
Completed 200 OK in 23.8ms (Views: 22.7ms | ActiveRecord: 0.2ms)


Started GET "/assets/application.css?body=1" for 127.0.0.1 at 2014-08-18 21:03:48 -0700
Served asset /application.css - 304 Not Modified (0ms)


Started GET "/assets/comments.css?body=1" for 127.0.0.1 at 2014-08-18 21:03:48 -0700
Served asset /comments.css - 304 Not Modified (0ms)


Started GET "/assets/jquery.js?body=1" for 127.0.0.1 at 2014-08-18 21:03:48 -0700
Served asset /jquery.js - 304 Not Modified (0ms)


Started GET "/assets/scaffolds.css?body=1" for 127.0.0.1 at 2014-08-18 21:03:48 -0700
Served asset /scaffolds.css - 304 Not Modified (0ms)


Started GET "/assets/posts.css?body=1" for 127.0.0.1 at 2014-08-18 21:03:48 -0700
Served asset /posts.css - 304 Not Modified (0ms)


Started GET "/assets/posts.js?body=1" for 127.0.0.1 at 2014-08-18 21:03:48 -0700
Served asset /posts.js - 304 Not Modified (0ms)


Started GET "/assets/comments.js?body=1" for 127.0.0.1 at 2014-08-18 21:03:48 -0700
Served asset /comments.js - 304 Not Modified (0ms)


Started GET "/assets/jquery_ujs.js?body=1" for 127.0.0.1 at 2014-08-18 21:03:48 -0700
Served asset /jquery_ujs.js - 304 Not Modified (0ms)


Started GET "/assets/application.js?body=1" for 127.0.0.1 at 2014-08-18 21:03:48 -0700
Served asset /application.js - 304 Not Modified (0ms)


Started GET "/comments" for 127.0.0.1 at 2014-08-18 21:04:05 -0700
Processing by CommentsController#index as HTML
  [1m[35mComment Load (0.2ms)[0m  SELECT "comments".* FROM "comments" 
  Rendered comments/index.html.erb within layouts/application (1.4ms)
Completed 200 OK in 29.7ms (Views: 28.5ms | ActiveRecord: 0.2ms)


Started GET "/assets/application.css?body=1" for 127.0.0.1 at 2014-08-18 21:04:05 -0700
Served asset /application.css - 200 OK (0ms)


Started GET "/assets/comments.css?body=1" for 127.0.0.1 at 2014-08-18 21:04:05 -0700
Served asset /comments.css - 200 OK (0ms)


Started GET "/assets/posts.css?body=1" for 127.0.0.1 at 2014-08-18 21:04:05 -0700
Served asset /posts.css - 200 OK (0ms)


Started GET "/assets/scaffolds.css?body=1" for 127.0.0.1 at 2014-08-18 21:04:05 -0700
Served asset /scaffolds.css - 200 OK (0ms)


Started GET "/assets/jquery.js?body=1" for 127.0.0.1 at 2014-08-18 21:04:05 -0700
Served asset /jquery.js - 200 OK (0ms)


Started GET "/assets/jquery_ujs.js?body=1" for 127.0.0.1 at 2014-08-18 21:04:05 -0700
Served asset /jquery_ujs.js - 200 OK (0ms)


Started GET "/assets/comments.js?body=1" for 127.0.0.1 at 2014-08-18 21:04:05 -0700
Served asset /comments.js - 200 OK (0ms)


Started GET "/assets/application.js?body=1" for 127.0.0.1 at 2014-08-18 21:04:05 -0700
Served asset /application.js - 200 OK (0ms)


Started GET "/assets/posts.js?body=1" for 127.0.0.1 at 2014-08-18 21:04:05 -0700
Served asset /posts.js - 200 OK (0ms)
